WARNING: Information about .sconsign.dblite may be misleading
as it can be edited after state_of_repo.log finishes running

===================================

 *** GIT STATUS ***

===================================
Last commit:

commit f0f74b59db9c4b37a022aefcfdec014d7a0bf931
Author: Saam Zahedian <35503139+szahedian@users.noreply.github.com>
Date:   Tue Jul 20 10:23:54 2021 -0400

    PR for #5: Dropbox integration (#6)
    
    * Add SCons build stage that downloads PracticeTask data from Dropbox
    
    * Descriptive stats build now references Dropbox data
    
    * Change .gitignore so that SConscript that downloads Dropbox data is tracked
    
    * Install outputs from analysis into paper_slides
    
    Co-authored-by: Saam Zahedian <snz@snz.myfiosgateway.com>


Files changed since last commit:


analysis/SConstruct
analysis/config_global.yaml
analysis/release/sconstruct.log
analysis/release/state_of_repo.log

===================================

 *** FILE STATUS ***

===================================
./config_user.yaml:
   modified on: 16 Jul 2021 16:41:40
   size of file: 646
./run.py:
   modified on: 16 Jul 2021 16:02:33
   size of file: 449
./state_of_repo.log:
   modified on: 20 Jul 2021 11:47:23
   size of file: 935
./some.py:
   modified on: 20 Jul 2021 11:39:53
   size of file: 412
./SConstruct:
   modified on: 20 Jul 2021 11:14:59
   size of file: 2092
./config_global.yaml:
   modified on: 20 Jul 2021 10:56:33
   size of file: 1449
./sconstruct.log:
   modified on: 20 Jul 2021 11:47:23
   size of file: 247
./source/draw_data/draw_data.py:
   modified on: 20 Jul 2021 11:47:20
   size of file: 359
./source/draw_data/SConscript:
   modified on: 20 Jul 2021 11:02:08
   size of file: 258
./source/prepare_data/.Rhistory:
   modified on: 20 Jul 2021 10:34:45
   size of file: 0
./source/prepare_data/create_data.m:
   modified on: 16 Jul 2021 16:02:33
   size of file: 202
./source/prepare_data/create_data.sh:
   modified on: 16 Jul 2021 16:02:33
   size of file: 81
./source/prepare_data/create_data.do:
   modified on: 16 Jul 2021 16:02:33
   size of file: 262
./source/prepare_data/SConscript:
   modified on: 20 Jul 2021 10:44:50
   size of file: 1126
./source/prepare_data/create_data.py:
   modified on: 16 Jul 2021 16:02:33
   size of file: 260
./source/prepare_data/create_data.r:
   modified on: 20 Jul 2021 10:33:05
   size of file: 249
./source/descriptive/descriptive.py:
   modified on: 20 Jul 2021 10:24:22
   size of file: 544
./source/descriptive/SConscript:
   modified on: 16 Jul 2021 16:02:33
   size of file: 501
./source/external/SConscript:
   modified on: 20 Jul 2021 10:24:22
   size of file: 429
./release/state_of_repo.log:
   modified on: 20 Jul 2021 11:46:56
   size of file: 3976
./release/sconstruct.log:
   modified on: 20 Jul 2021 11:46:56
   size of file: 2292
./release/descriptive/sconscript_descriptive.log:
   modified on: 20 Jul 2021 10:24:22
   size of file: 96
./release/descriptive/plot.eps:
   modified on: 20 Jul 2021 10:24:22
   size of file: 12351
./release/descriptive/table.txt:
   modified on: 19 Jul 2021 18:12:20
   size of file: 39
./release/lg/data.txt:
   modified on: 16 Jul 2021 16:41:40
   size of file: 1988897
./build/draw_data/sconscript_draw_data.log:
   modified on: 20 Jul 2021 11:47:23
   size of file: 96
./build/draw_data/data.txt:
   modified on: 20 Jul 2021 11:47:23
   size of file: 509967
./build/prepare_data/sconscript_create_data.log:
   modified on: 20 Jul 2021 10:58:58
   size of file: 96
./build/prepare_data/table.txt:
   modified on: 19 Jul 2021 18:00:27
   size of file: 39
./build/prepare_data/data.txt:
   modified on: 20 Jul 2021 10:58:58
   size of file: 1988897
./build/descriptive/sconscript_descriptive.log:
   modified on: 19 Jul 2021 18:12:20
   size of file: 96
./build/descriptive/plot.eps:
   modified on: 19 Jul 2021 18:12:20
   size of file: 12351
./build/descriptive/table.txt:
   modified on: 19 Jul 2021 18:12:20
   size of file: 39
./build/external/data.txt:
   modified on: 23 Sep 2020 15:46:59
   size of file: 1988897
