WARNING: Information about .sconsign.dblite may be misleading
as it can be edited after state_of_repo.log finishes running

===================================

 *** GIT STATUS ***

===================================
Last commit:

commit 898653040f66d664e6fb17798f74f52dc63eefd0
Author: Saam Zahedian <snz@snz.myfiosgateway.com>
Date:   Mon Jul 19 18:15:39 2021 -0400

    Change .gitignore so that SConscript that downloads Dropbox data is tracked


Files changed since last commit:


analysis/SConstruct
analysis/release/sconstruct.log
analysis/release/state_of_repo.log

===================================

 *** FILE STATUS ***

===================================
./config_user.yaml:
   modified on: 16 Jul 2021 16:41:40
   size of file: 646
./run.py:
   modified on: 16 Jul 2021 16:02:33
   size of file: 449
./state_of_repo.log:
   modified on: 19 Jul 2021 18:20:57
   size of file: 574
./SConstruct:
   modified on: 19 Jul 2021 18:20:51
   size of file: 2013
./config_global.yaml:
   modified on: 19 Jul 2021 18:05:38
   size of file: 1389
./sconstruct.log:
   modified on: 19 Jul 2021 18:20:57
   size of file: 199
./source/prepare_data/create_data.m:
   modified on: 16 Jul 2021 16:02:33
   size of file: 202
./source/prepare_data/create_data.sh:
   modified on: 16 Jul 2021 16:02:33
   size of file: 81
./source/prepare_data/create_data.do:
   modified on: 16 Jul 2021 16:02:33
   size of file: 262
./source/prepare_data/SConscript:
   modified on: 16 Jul 2021 16:02:33
   size of file: 1126
./source/prepare_data/create_data.py:
   modified on: 16 Jul 2021 16:02:33
   size of file: 260
./source/prepare_data/create_data.r:
   modified on: 16 Jul 2021 16:57:37
   size of file: 249
./source/descriptive/descriptive.py:
   modified on: 19 Jul 2021 18:12:10
   size of file: 544
./source/descriptive/SConscript:
   modified on: 16 Jul 2021 16:02:33
   size of file: 501
./source/external/SConscript:
   modified on: 19 Jul 2021 18:09:13
   size of file: 429
./release/state_of_repo.log:
   modified on: 19 Jul 2021 18:15:52
   size of file: 3088
./release/sconstruct.log:
   modified on: 19 Jul 2021 18:15:52
   size of file: 250
./release/descriptive/sconscript_descriptive.log:
   modified on: 19 Jul 2021 18:12:20
   size of file: 96
./release/descriptive/plot.eps:
   modified on: 19 Jul 2021 18:12:20
   size of file: 12351
./release/descriptive/table.txt:
   modified on: 19 Jul 2021 18:12:20
   size of file: 39
./release/lg/data.txt:
   modified on: 16 Jul 2021 16:41:40
   size of file: 1988897
./build/prepare_data/sconscript_create_data.log:
   modified on: 16 Jul 2021 16:41:40
   size of file: 96
./build/prepare_data/table.txt:
   modified on: 19 Jul 2021 18:00:27
   size of file: 39
./build/prepare_data/data.txt:
   modified on: 16 Jul 2021 16:41:40
   size of file: 1988897
./build/descriptive/sconscript_descriptive.log:
   modified on: 19 Jul 2021 18:12:20
   size of file: 96
./build/descriptive/plot.eps:
   modified on: 19 Jul 2021 18:12:20
   size of file: 12351
./build/descriptive/table.txt:
   modified on: 19 Jul 2021 18:12:20
   size of file: 39
./build/external/data.txt:
   modified on: 23 Sep 2020 15:46:59
   size of file: 1988897
