*** New build: {2021-07-19 18:22:48} ***
scons: done reading SConscript files.
scons: Building targets ...
build_lyx(["build/paper/ondeck.pdf"], ["source/paper/ondeck.lyx"])
build_lyx(["build/paper/online_appendix.pdf"], ["source/paper/online_appendix.lyx"])
build_tables(["build/tables/table.lyx"], ["source/tables/table.lyx", "input/table.txt"])
source/tables/table.lyx filled successfully by tablefill
build_lyx(["build/paper/paper.pdf"], ["source/paper/paper.lyx"])
build_lyx(["build/paper/text.pdf"], ["source/paper/text.lyx"])
build_lyx(["build/talk/slides.pdf"], ["source/talk/slides.lyx"])
Install directory: "build/paper" as "release/paper"
Install directory: "build/talk" as "release/talk"
scons: done building targets.
*** Build completed: {2021-07-19 18:22:58} ***
 
 
./release/talk/sconscript.log
*** Builder log created: {2021-07-19 18:22:54}
*** Builder log completed: {2021-07-19 18:22:58}
This is pdfTeX, Version 3.141592653-2.6-1.40.22 (TeX Live 2021) (preloaded format=pdflatex)
 restricted \write18 enabled.
entering extended mode
(./slides.tex
LaTeX2e <2020-10-01> patch level 4
L3 programming layer <2021-02-18>
This is pdfTeX, Version 3.141592653-2.6-1.40.22 (TeX Live 2021) (preloaded format=pdflatex)
 restricted \write18 enabled.
entering extended mode
(./slides.tex
LaTeX2e <2020-10-01> patch level 4
L3 programming layer <2021-02-18>
./build/talk/sconscript.log
*** Builder log created: {2021-07-19 18:22:54}
*** Builder log completed: {2021-07-19 18:22:58}
This is pdfTeX, Version 3.141592653-2.6-1.40.22 (TeX Live 2021) (preloaded format=pdflatex)
 restricted \write18 enabled.
entering extended mode
(./slides.tex
LaTeX2e <2020-10-01> patch level 4
L3 programming layer <2021-02-18>
This is pdfTeX, Version 3.141592653-2.6-1.40.22 (TeX Live 2021) (preloaded format=pdflatex)
 restricted \write18 enabled.
entering extended mode
(./slides.tex
LaTeX2e <2020-10-01> patch level 4
L3 programming layer <2021-02-18>
./build/paper/sconscript.log
*** Builder log created: {2021-07-19 18:22:53}
*** Builder log completed: {2021-07-19 18:22:54}
This is pdfTeX, Version 3.141592653-2.6-1.40.22 (TeX Live 2021) (preloaded format=pdflatex)
 restricted \write18 enabled.
entering extended mode
(./text.tex
LaTeX2e <2020-10-01> patch level 4
L3 programming layer <2021-02-18>
./release/paper/sconscript.log
*** Builder log created: {2021-07-19 18:22:53}
*** Builder log completed: {2021-07-19 18:22:54}
This is pdfTeX, Version 3.141592653-2.6-1.40.22 (TeX Live 2021) (preloaded format=pdflatex)
 restricted \write18 enabled.
entering extended mode
(./text.tex
LaTeX2e <2020-10-01> patch level 4
L3 programming layer <2021-02-18>
./build/tables/sconscript.log
*** Builder log created: {2021-07-19 18:22:51}
*** Builder log completed: {2021-07-19 18:22:51}
source/tables/table.lyx filled successfully by tablefill

