WARNING: Information about .sconsign.dblite may be misleading
as it can be edited after state_of_repo.log finishes running

===================================

 *** GIT STATUS ***

===================================
Last commit:

commit 898653040f66d664e6fb17798f74f52dc63eefd0
Author: Saam Zahedian <snz@snz.myfiosgateway.com>
Date:   Mon Jul 19 18:15:39 2021 -0400

    Change .gitignore so that SConscript that downloads Dropbox data is tracked


Files changed since last commit:


analysis/SConstruct
analysis/release/sconstruct.log
analysis/release/state_of_repo.log
paper_slides/release/paper/ondeck.pdf
paper_slides/release/paper/online_appendix.pdf
paper_slides/release/paper/paper.pdf
paper_slides/release/paper/sconscript.log
paper_slides/release/paper/text.pdf
paper_slides/release/talk/sconscript.log
paper_slides/release/talk/slides.pdf

===================================

 *** FILE STATUS ***

===================================
./config_user.yaml:
   modified on: 19 Jul 2021 18:22:48
   size of file: 646
./run.py:
   modified on: 16 Jul 2021 16:02:33
   size of file: 458
./state_of_repo.log:
   modified on: 19 Jul 2021 18:22:58
   size of file: 852
./SConstruct:
   modified on: 16 Jul 2021 16:02:33
   size of file: 1818
./state_of_input.log:
   modified on: 19 Jul 2021 18:22:48
   size of file: 358
./config_global.yaml:
   modified on: 16 Jul 2021 16:02:33
   size of file: 1283
./sconstruct.log:
   modified on: 19 Jul 2021 18:22:58
   size of file: 730
./input/plot.eps:
   modified on: 16 Jul 2021 16:02:33
   size of file: 15385
./input/table.txt:
   modified on: 16 Jul 2021 16:02:33
   size of file: 39
./input/release/state_of_repo.log:
   modified on: 19 Jul 2021 18:20:57
   size of file: 3175
./input/release/sconstruct.log:
   modified on: 19 Jul 2021 18:20:57
   size of file: 250
./input/release/descriptive/sconscript_descriptive.log:
   modified on: 19 Jul 2021 18:12:20
   size of file: 96
./input/release/descriptive/plot.eps:
   modified on: 19 Jul 2021 18:12:20
   size of file: 12351
./input/release/descriptive/table.txt:
   modified on: 19 Jul 2021 18:12:20
   size of file: 39
./input/release/lg/data.txt:
   modified on: 16 Jul 2021 16:41:40
   size of file: 1988897
./source/paper/paper.lyx:
   modified on: 16 Jul 2021 16:02:33
   size of file: 5236
./source/paper/online_appendix.lyx:
   modified on: 16 Jul 2021 16:02:33
   size of file: 3610
./source/paper/ondeck.lyx:
   modified on: 16 Jul 2021 16:02:33
   size of file: 2522
./source/paper/text.tex:
   modified on: 16 Jul 2021 16:02:33
   size of file: 1300
./source/paper/SConscript:
   modified on: 16 Jul 2021 16:02:33
   size of file: 699
./source/paper/text.lyx:
   modified on: 16 Jul 2021 16:02:33
   size of file: 2522
./source/tables/SConscript:
   modified on: 16 Jul 2021 16:02:33
   size of file: 266
./source/tables/table.lyx:
   modified on: 16 Jul 2021 16:02:33
   size of file: 4082
./source/figures/figure.lyx:
   modified on: 16 Jul 2021 16:02:33
   size of file: 2214
./source/talk/slides.lyx:
   modified on: 16 Jul 2021 16:02:33
   size of file: 4697
./source/talk/SConscript:
   modified on: 16 Jul 2021 16:02:33
   size of file: 259
./release/state_of_repo.log:
   modified on: 16 Jul 2021 16:02:33
   size of file: 5185
./release/state_of_input.log:
   modified on: 16 Jul 2021 16:02:33
   size of file: 154
./release/sconstruct.log:
   modified on: 16 Jul 2021 16:02:33
   size of file: 250
./release/paper/paper.pdf:
   modified on: 19 Jul 2021 18:22:53
   size of file: 43429
./release/paper/online_appendix.pdf:
   modified on: 19 Jul 2021 18:22:51
   size of file: 31436
./release/paper/ondeck.pdf:
   modified on: 19 Jul 2021 18:22:49
   size of file: 18106
./release/paper/sconscript.log:
   modified on: 19 Jul 2021 18:22:54
   size of file: 322
./release/paper/text.pdf:
   modified on: 19 Jul 2021 18:22:54
   size of file: 18106
./release/talk/slides.pdf:
   modified on: 19 Jul 2021 18:22:58
   size of file: 22098
./release/talk/sconscript.log:
   modified on: 19 Jul 2021 18:22:58
   size of file: 552
./build/paper/paper.pdf:
   modified on: 19 Jul 2021 18:22:53
   size of file: 43429
./build/paper/online_appendix.pdf:
   modified on: 19 Jul 2021 18:22:51
   size of file: 31436
./build/paper/ondeck.pdf:
   modified on: 19 Jul 2021 18:22:49
   size of file: 18106
./build/paper/sconscript.log:
   modified on: 19 Jul 2021 18:22:54
   size of file: 322
./build/paper/text.pdf:
   modified on: 19 Jul 2021 18:22:54
   size of file: 18106
./build/tables/sconscript.log:
   modified on: 19 Jul 2021 18:22:51
   size of file: 154
./build/tables/table.lyx:
   modified on: 19 Jul 2021 18:22:51
   size of file: 4094
./build/talk/slides.pdf:
   modified on: 19 Jul 2021 18:22:58
   size of file: 22098
./build/talk/sconscript.log:
   modified on: 19 Jul 2021 18:22:58
   size of file: 552
